<?xml version="1.0" encoding="UTF-8"?>
<!-- Generated by org.testng.reporters.JUnitReportReporter -->
<testsuite hostname="LAPTOP-KVTVDHCK" failures="0" tests="3" name="AmazonEcommerse.addToWishList" time="34.170" errors="0" timestamp="2021-07-06T17:38:59 IST" skipped="0">
  <testcase classname="AmazonEcommerse.addToWishList" name="navigatingToProducts" time="8.947"/>
  <system-out/>
  <testcase classname="AmazonEcommerse.addToWishList" name="applyFilter" time="12.528"/>
  <system-out/>
  <testcase classname="AmazonEcommerse.addToWishList" name="addToWishL" time="12.695"/>
  <system-out/>
</testsuite> <!-- AmazonEcommerse.addToWishList -->
