<?xml version="1.0" encoding="UTF-8"?>
<!-- Generated by org.testng.reporters.JUnitReportReporter -->
<testsuite hostname="LAPTOP-KVTVDHCK" failures="0" tests="3" name="project.MavenProjectTest.TestNgTest" time="0.016" errors="0" timestamp="2021-06-30T16:24:53 IST" skipped="0">
  <testcase classname="project.MavenProjectTest.TestNgTest" name="c_Test2" time="0.012"/>
  <system-out/>
  <testcase classname="project.MavenProjectTest.TestNgTest" name="a_Test1" time="0.002"/>
  <system-out/>
  <testcase classname="project.MavenProjectTest.TestNgTest" name="b_Test3" time="0.002"/>
  <system-out/>
</testsuite> <!-- project.MavenProjectTest.TestNgTest -->
