<?xml version="1.0" encoding="UTF-8"?>
<!-- Generated by org.testng.reporters.JUnitReportReporter -->
<testsuite hostname="LAPTOP-KVTVDHCK" failures="0" tests="1" name="project.MavenProjectTest.login" time="32.594" errors="0" timestamp="2021-07-02T15:36:46 IST" skipped="0">
  <testcase classname="project.MavenProjectTest.login" name="website_login" time="32.594"/>
  <system-out/>
</testsuite> <!-- project.MavenProjectTest.login -->
