<?xml version="1.0" encoding="UTF-8"?>
<!-- Generated by org.testng.reporters.JUnitReportReporter -->
<testsuite hostname="LAPTOP-KVTVDHCK" failures="0" tests="2" name="project.MavenProjectTest.Annotations" time="0.022" errors="0" timestamp="2021-06-30T17:01:31 IST" skipped="0">
  <testcase classname="project.MavenProjectTest.Annotations" name="Test2" time="0.001"/>
  <system-out/>
  <testcase classname="project.MavenProjectTest.Annotations" name="Test1" time="0.021"/>
  <system-out/>
</testsuite> <!-- project.MavenProjectTest.Annotations -->
